<?xml version="1.0" encoding="UTF-8"?>
<!-- Generated by org.testng.reporters.JUnitXMLReporter -->
<testsuite hostname="WIN-01603091500" name="Test" tests="1" failures="1" timestamp="26 Apr 2016 07:58:02 GMT" time="0.055" errors="0">
  <testcase name="getDestnationTest" time="0.033" classname="com.qishon.isw.apitest.GetCartListTest">
    <failure type="java.lang.IllegalArgumentException" message="Data value must not be null">
      <![CDATA[java.lang.IllegalArgumentException: Data value must not be null
	at org.jsoup.helper.Validate.notNull(Validate.java:26)
	at org.jsoup.helper.HttpConnection$KeyVal.value(HttpConnection.java:891)
	at org.jsoup.helper.HttpConnection$KeyVal.create(HttpConnection.java:871)
	at org.jsoup.helper.HttpConnection.data(HttpConnection.java:131)
	at com.qishon.isw.api.GetCartList.getCartList(GetCartList.java:37)
	at com.qishon.isw.apitest.GetCartListTest.getDestnationTest(GetCartListTest.java:59)
... Removed 24 stack frames]]>
    </failure>
  </testcase> <!-- getDestnationTest -->
</testsuite> <!-- Test -->
